Build started 2014/12/21 20:46:16.
     1>Project "D:\code\protoclient\client\protobuf-2.6.0\vsprojects\test_plugin.vcxproj" on node 2 (Build target(s)).
     1>C:\Program Files (x86)\MSBuild\Microsoft.Cpp\v4.0\V120\Microsoft.CppBuild.targets(381,5): warning MSB8028: The intermediate directory (Debug\) contains files shared from another project (libprotobuf-lite.vcxproj, libprotobuf.vcxproj, libprotoc.vcxproj, lite-test.vcxproj, protoc.vcxproj, tests.vcxproj).  This can lead to incorrect clean and rebuild behavior.
     1>ClCompile:
         D:\Program Files (x86)\Microsoft Visual Studio 12.0\VC\bin\CL.exe /c /I../src /I. /I../gtest/include /ZI /nologo /W3 /WX- /Od /Oy- /D WIN32 /D _DEBUG /D _CONSOLE /D _VARIADIC_MAX=10 /Gm /EHsc /RTC1 /MDd /GS /fp:precise /Zc:wchar_t /Zc:forScope /Fo"Debug\\" /Fd"Debug\vc120.pdb" /Gd /TP /analyze- /errorReport:prompt /wd4244 /wd4267 /wd4018 /wd4355 /wd4800 /wd4251 /wd4996 /wd4146 /wd4305 ..\src\google\protobuf\compiler\mock_code_generator.cc ..\src\google\protobuf\compiler\test_plugin.cc ..\src\google\protobuf\testing\file.cc
         file.cc
         test_plugin.cc
         mock_code_generator.cc
     1>d:\code\protoclient\client\protobuf-2.6.0\src\google\protobuf\compiler\mock_code_generator.cc(44): fatal error C1083: Cannot open include file: 'gtest/gtest.h': No such file or directory
         Generating Code...
     1>Done Building Project "D:\code\protoclient\client\protobuf-2.6.0\vsprojects\test_plugin.vcxproj" (Build target(s)) -- FAILED.

Build FAILED.

Time Elapsed 00:00:01.83
